TN:
SF:src/historySubscriber.ts
FN:21,(anonymous_0)
FN:25,(anonymous_1)
FN:37,(anonymous_2)
FN:48,(anonymous_3)
FN:59,(anonymous_4)
FN:70,(anonymous_5)
FN:76,(anonymous_6)
FN:85,(anonymous_7)
FNF:8
FNH:8
FNDA:1116,(anonymous_0)
FNDA:30,(anonymous_1)
FNDA:3,(anonymous_2)
FNDA:3,(anonymous_3)
FNDA:2,(anonymous_4)
FNDA:8,(anonymous_5)
FNDA:8,(anonymous_6)
FNDA:8,(anonymous_7)
DA:12,3
DA:13,3
DA:15,3
DA:22,1116
DA:26,30
DA:27,30
DA:28,30
DA:29,30
DA:30,30
DA:32,30
DA:33,11
DA:38,3
DA:39,3
DA:40,3
DA:42,3
DA:43,3
DA:49,3
DA:50,3
DA:51,3
DA:53,3
DA:54,3
DA:60,2
DA:61,2
DA:62,2
DA:64,2
DA:65,2
DA:71,8
DA:82,8
DA:83,8
DA:85,8
DA:86,8
DA:87,8
DA:88,8
DA:91,8
LF:34
LH:34
BRDA:32,0,0,11
BRDA:38,1,0,3
BRDA:42,2,0,3
BRDA:49,3,0,3
BRDA:53,4,0,3
BRDA:60,5,0,2
BRDA:64,6,0,2
BRDA:87,7,0,8
BRDA:87,7,1,0
BRF:9
BRH:8
end_of_record
TN:
SF:src/constants/revisionActionType.ts
FN:1,(anonymous_0)
FNF:1
FNH:1
FNDA:3,(anonymous_0)
DA:1,3
DA:2,3
DA:3,3
DA:4,3
LF:4
LH:4
BRDA:1,0,0,3
BRDA:1,0,1,3
BRF:2
BRH:2
end_of_record
TN:
SF:src/decorators/auditTable.ts
FN:4,AuditTable
FN:6,(anonymous_1)
FNF:2
FNH:2
FNDA:9,AuditTable
FNDA:9,(anonymous_1)
DA:1,3
DA:4,3
DA:6,9
DA:7,9
DA:8,9
DA:9,9
LF:6
LH:6
BRF:0
BRH:0
end_of_record
TN:
SF:src/test/entities/TestEntity.ts
FNF:0
FNH:0
DA:1,3
DA:4,3
DA:6,3
DA:9,3
DA:12,3
DA:15,3
LF:6
LH:6
BRF:0
BRH:0
end_of_record
TN:
SF:src/test/entities/TestEntitySoft.ts
FNF:0
FNH:0
DA:1,3
DA:12,3
DA:14,3
DA:17,3
DA:20,3
DA:23,3
DA:26,3
LF:7
LH:7
BRF:0
BRH:0
end_of_record
TN:
SF:src/test/entities/TestEntityUid.ts
FNF:0
FNH:0
DA:1,3
DA:4,3
DA:6,3
DA:9,3
DA:12,3
DA:15,3
LF:6
LH:6
BRF:0
BRH:0
end_of_record
TN:
SF:src/test/entities/TestHistoryEntity.ts
FNF:0
FNH:0
DA:1,3
DA:3,3
DA:4,3
DA:5,3
DA:13,3
DA:18,3
DA:23,3
DA:28,3
LF:8
LH:8
BRF:0
BRH:0
end_of_record
TN:
SF:src/test/entities/TestHistoryEntityUid.ts
FNF:0
FNH:0
DA:1,3
DA:3,3
DA:4,3
DA:5,3
DA:13,3
DA:17,3
DA:22,3
DA:27,3
LF:8
LH:8
BRF:0
BRH:0
end_of_record
TN:
SF:src/test/entities/TestHistorySoftEntity.ts
FNF:0
FNH:0
DA:1,3
DA:2,3
DA:4,3
DA:5,3
DA:13,3
DA:18,3
DA:23,3
DA:28,3
LF:8
LH:8
BRF:0
BRH:0
end_of_record
TN:
SF:src/test/subscribers/TestHistorySubscriber.ts
FNF:0
FNH:0
DA:1,3
DA:2,3
DA:3,3
DA:4,3
DA:7,3
DA:8,3
DA:9,3
LF:7
LH:7
BRF:0
BRH:0
end_of_record
TN:
SF:src/test/subscribers/TestHistoryUidSubscriber.ts
FNF:0
FNH:0
DA:1,3
DA:2,3
DA:3,3
DA:4,3
DA:7,3
DA:8,3
DA:9,3
LF:7
LH:7
BRF:0
BRH:0
end_of_record
TN:
SF:src/test/subscribers/TestSoftHistorySubscriber.ts
FNF:0
FNH:0
DA:1,3
DA:2,3
DA:3,3
DA:4,3
DA:7,3
DA:8,3
DA:9,3
LF:7
LH:7
BRF:0
BRH:0
end_of_record
